Watching for file changes with StatReloader
Watching for file changes with StatReloader
Watching for file changes with StatReloader
C:\Users\baves\Downloads\IBM - Copy\detector\views.py changed, reloading.
Watching for file changes with StatReloader
C:\Users\baves\Downloads\IBM - Copy\detector\views.py changed, reloading.
Watching for file changes with StatReloader
C:\Users\baves\Downloads\IBM - Copy\detector\views.py changed, reloading.
Watching for file changes with StatReloader
C:\Users\baves\Downloads\IBM - Copy\detector\urls.py changed, reloading.
Watching for file changes with StatReloader
Watching for file changes with StatReloader
Watching for file changes with StatReloader
Internal Server Error: /dashboard/
Traceback (most recent call last):
  File "C:\Users\baves\AppData\Local\Programs\Python\Python39\lib\site-packages\django\core\handlers\exception.py", line 55, in inner
    response = get_response(request)
  File "C:\Users\baves\AppData\Local\Programs\Python\Python39\lib\site-packages\django\core\handlers\base.py", line 197, in _get_response
    response = wrapped_callback(request, *callback_args, **callback_kwargs)
  File "C:\Users\baves\Downloads\IBM - Copy\detector\views.py", line 128, in dashboard
    batch_jobs = BatchProcessingJob.objects.all().order_by('-created_at')[:5]
NameError: name 'BatchProcessingJob' is not defined
Internal Server Error: /dashboard/
Traceback (most recent call last):
  File "C:\Users\baves\AppData\Local\Programs\Python\Python39\lib\site-packages\django\core\handlers\exception.py", line 55, in inner
    response = get_response(request)
  File "C:\Users\baves\AppData\Local\Programs\Python\Python39\lib\site-packages\django\core\handlers\base.py", line 197, in _get_response
    response = wrapped_callback(request, *callback_args, **callback_kwargs)
  File "C:\Users\baves\Downloads\IBM - Copy\detector\views.py", line 128, in dashboard
    batch_jobs = BatchProcessingJob.objects.all().order_by('-created_at')[:5]
NameError: name 'BatchProcessingJob' is not defined
C:\Users\baves\Downloads\IBM - Copy\detector\views.py changed, reloading.
C:\Users\baves\Downloads\IBM - Copy\detector\views.py changed, reloading.
C:\Users\baves\Downloads\IBM - Copy\detector\views.py changed, reloading.
Watching for file changes with StatReloader
Watching for file changes with StatReloader
C:\Users\baves\Downloads\IBM - Copy\detector\views.py changed, reloading.
C:\Users\baves\Downloads\IBM - Copy\detector\views.py changed, reloading.
Watching for file changes with StatReloader
Watching for file changes with StatReloader
Watching for file changes with StatReloader
Watching for file changes with StatReloader
Internal Server Error: /dashboard/
Traceback (most recent call last):
  File "C:\Users\baves\AppData\Local\Programs\Python\Python39\lib\site-packages\django\template\backends\django.py", line 61, in render
    return self.template.render(context)
  File "C:\Users\baves\AppData\Local\Programs\Python\Python39\lib\site-packages\django\template\base.py", line 175, in render
    return self._render(context)
  File "C:\Users\baves\AppData\Local\Programs\Python\Python39\lib\site-packages\django\template\base.py", line 167, in _render
    return self.nodelist.render(context)
  File "C:\Users\baves\AppData\Local\Programs\Python\Python39\lib\site-packages\django\template\base.py", line 1005, in render
    return SafeString("".join([node.render_annotated(context) for node in self]))
  File "C:\Users\baves\AppData\Local\Programs\Python\Python39\lib\site-packages\django\template\base.py", line 1005, in <listcomp>
    return SafeString("".join([node.render_annotated(context) for node in self]))
  File "C:\Users\baves\AppData\Local\Programs\Python\Python39\lib\site-packages\django\template\base.py", line 966, in render_annotated
    return self.render(context)
  File "C:\Users\baves\AppData\Local\Programs\Python\Python39\lib\site-packages\django\template\loader_tags.py", line 132, in render
    compiled_parent = self.get_parent(context)
  File "C:\Users\baves\AppData\Local\Programs\Python\Python39\lib\site-packages\django\template\loader_tags.py", line 129, in get_parent
    return self.find_template(parent, context)
  File "C:\Users\baves\AppData\Local\Programs\Python\Python39\lib\site-packages\django\template\loader_tags.py", line 107, in find_template
    template, origin = context.template.engine.find_template(
  File "C:\Users\baves\AppData\Local\Programs\Python\Python39\lib\site-packages\django\template\engine.py", line 161, in find_template
    raise TemplateDoesNotExist(name, tried=tried)
django.template.exceptions.TemplateDoesNotExist: detector/base.html

The above exception was the direct cause of the following exception:

Traceback (most recent call last):
  File "C:\Users\baves\AppData\Local\Programs\Python\Python39\lib\site-packages\django\core\handlers\exception.py", line 55, in inner
    response = get_response(request)
  File "C:\Users\baves\AppData\Local\Programs\Python\Python39\lib\site-packages\django\core\handlers\base.py", line 197, in _get_response
    response = wrapped_callback(request, *callback_args, **callback_kwargs)
  File "C:\Users\baves\Downloads\IBM - Copy\detector\views.py", line 144, in dashboard
    return render(request, 'detector/dashboard.html', context)
  File "C:\Users\baves\AppData\Local\Programs\Python\Python39\lib\site-packages\django\shortcuts.py", line 24, in render
    content = loader.render_to_string(template_name, context, request, using=using)
  File "C:\Users\baves\AppData\Local\Programs\Python\Python39\lib\site-packages\django\template\loader.py", line 62, in render_to_string
    return template.render(context, request)
  File "C:\Users\baves\AppData\Local\Programs\Python\Python39\lib\site-packages\django\template\backends\django.py", line 63, in render
    reraise(exc, self.backend)
  File "C:\Users\baves\AppData\Local\Programs\Python\Python39\lib\site-packages\django\template\backends\django.py", line 84, in reraise
    raise new from exc
django.template.exceptions.TemplateDoesNotExist: detector/base.html
Internal Server Error: /dashboard/
Traceback (most recent call last):
  File "C:\Users\baves\AppData\Local\Programs\Python\Python39\lib\site-packages\django\template\backends\django.py", line 61, in render
    return self.template.render(context)
  File "C:\Users\baves\AppData\Local\Programs\Python\Python39\lib\site-packages\django\template\base.py", line 175, in render
    return self._render(context)
  File "C:\Users\baves\AppData\Local\Programs\Python\Python39\lib\site-packages\django\template\base.py", line 167, in _render
    return self.nodelist.render(context)
  File "C:\Users\baves\AppData\Local\Programs\Python\Python39\lib\site-packages\django\template\base.py", line 1005, in render
    return SafeString("".join([node.render_annotated(context) for node in self]))
  File "C:\Users\baves\AppData\Local\Programs\Python\Python39\lib\site-packages\django\template\base.py", line 1005, in <listcomp>
    return SafeString("".join([node.render_annotated(context) for node in self]))
  File "C:\Users\baves\AppData\Local\Programs\Python\Python39\lib\site-packages\django\template\base.py", line 966, in render_annotated
    return self.render(context)
  File "C:\Users\baves\AppData\Local\Programs\Python\Python39\lib\site-packages\django\template\loader_tags.py", line 132, in render
    compiled_parent = self.get_parent(context)
  File "C:\Users\baves\AppData\Local\Programs\Python\Python39\lib\site-packages\django\template\loader_tags.py", line 129, in get_parent
    return self.find_template(parent, context)
  File "C:\Users\baves\AppData\Local\Programs\Python\Python39\lib\site-packages\django\template\loader_tags.py", line 107, in find_template
    template, origin = context.template.engine.find_template(
  File "C:\Users\baves\AppData\Local\Programs\Python\Python39\lib\site-packages\django\template\engine.py", line 161, in find_template
    raise TemplateDoesNotExist(name, tried=tried)
django.template.exceptions.TemplateDoesNotExist: detector/base.html

The above exception was the direct cause of the following exception:

Traceback (most recent call last):
  File "C:\Users\baves\AppData\Local\Programs\Python\Python39\lib\site-packages\django\core\handlers\exception.py", line 55, in inner
    response = get_response(request)
  File "C:\Users\baves\AppData\Local\Programs\Python\Python39\lib\site-packages\django\core\handlers\base.py", line 197, in _get_response
    response = wrapped_callback(request, *callback_args, **callback_kwargs)
  File "C:\Users\baves\Downloads\IBM - Copy\detector\views.py", line 144, in dashboard
    return render(request, 'detector/dashboard.html', context)
  File "C:\Users\baves\AppData\Local\Programs\Python\Python39\lib\site-packages\django\shortcuts.py", line 24, in render
    content = loader.render_to_string(template_name, context, request, using=using)
  File "C:\Users\baves\AppData\Local\Programs\Python\Python39\lib\site-packages\django\template\loader.py", line 62, in render_to_string
    return template.render(context, request)
  File "C:\Users\baves\AppData\Local\Programs\Python\Python39\lib\site-packages\django\template\backends\django.py", line 63, in render
    reraise(exc, self.backend)
  File "C:\Users\baves\AppData\Local\Programs\Python\Python39\lib\site-packages\django\template\backends\django.py", line 84, in reraise
    raise new from exc
django.template.exceptions.TemplateDoesNotExist: detector/base.html
Watching for file changes with StatReloader
Watching for file changes with StatReloader
C:\Users\baves\Downloads\IBM - Copy\detector\views.py changed, reloading.
C:\Users\baves\Downloads\IBM - Copy\detector\views.py changed, reloading.
C:\Users\baves\Downloads\IBM - Copy\detector\views.py changed, reloading.
C:\Users\baves\Downloads\IBM - Copy\detector\views.py changed, reloading.
C:\Users\baves\Downloads\IBM - Copy\detector\views.py changed, reloading.
Watching for file changes with StatReloader
Watching for file changes with StatReloader
Watching for file changes with StatReloader
Watching for file changes with StatReloader
Watching for file changes with StatReloader
C:\Users\baves\Downloads\IBM - Copy\detector\views.py changed, reloading.
C:\Users\baves\Downloads\IBM - Copy\detector\views.py changed, reloading.
C:\Users\baves\Downloads\IBM - Copy\detector\views.py changed, reloading.
C:\Users\baves\Downloads\IBM - Copy\detector\views.py changed, reloading.
Watching for file changes with StatReloader
Watching for file changes with StatReloader
Watching for file changes with StatReloader
Watching for file changes with StatReloader
C:\Users\baves\Downloads\IBM - Copy\detector\views.py changed, reloading.
C:\Users\baves\Downloads\IBM - Copy\detector\views.py changed, reloading.
C:\Users\baves\Downloads\IBM - Copy\detector\views.py changed, reloading.
C:\Users\baves\Downloads\IBM - Copy\detector\views.py changed, reloading.
Watching for file changes with StatReloader
Watching for file changes with StatReloader
Watching for file changes with StatReloader
Watching for file changes with StatReloader
C:\Users\baves\Downloads\IBM - Copy\detector\views.py changed, reloading.
C:\Users\baves\Downloads\IBM - Copy\detector\views.py changed, reloading.
C:\Users\baves\Downloads\IBM - Copy\detector\views.py changed, reloading.
C:\Users\baves\Downloads\IBM - Copy\detector\views.py changed, reloading.
Watching for file changes with StatReloader
Watching for file changes with StatReloader
Watching for file changes with StatReloader
Watching for file changes with StatReloader
Watching for file changes with StatReloader
C:\Users\baves\Downloads\IBM - Copy\detector\views.py changed, reloading.
C:\Users\baves\Downloads\IBM - Copy\detector\views.py changed, reloading.
C:\Users\baves\Downloads\IBM - Copy\detector\views.py changed, reloading.
C:\Users\baves\Downloads\IBM - Copy\detector\views.py changed, reloading.
Watching for file changes with StatReloader
Watching for file changes with StatReloader
Watching for file changes with StatReloader
Watching for file changes with StatReloader
C:\Users\baves\Downloads\IBM - Copy\detector\urls.py changed, reloading.
C:\Users\baves\Downloads\IBM - Copy\detector\urls.py changed, reloading.
C:\Users\baves\Downloads\IBM - Copy\detector\urls.py changed, reloading.
C:\Users\baves\Downloads\IBM - Copy\detector\urls.py changed, reloading.
Watching for file changes with StatReloader
Watching for file changes with StatReloader
Watching for file changes with StatReloader
Watching for file changes with StatReloader
C:\Users\baves\Downloads\IBM - Copy\detector\views.py changed, reloading.
C:\Users\baves\Downloads\IBM - Copy\detector\views.py changed, reloading.
C:\Users\baves\Downloads\IBM - Copy\detector\views.py changed, reloading.
C:\Users\baves\Downloads\IBM - Copy\detector\views.py changed, reloading.
Watching for file changes with StatReloader
Watching for file changes with StatReloader
Watching for file changes with StatReloader
Watching for file changes with StatReloader
Watching for file changes with StatReloader
Watching for file changes with StatReloader
Not Found: /favicon.ico
Watching for file changes with StatReloader
Watching for file changes with StatReloader
